<?xml version="1.0" encoding="UTF-8"?>
<!-- Generated by org.testng.reporters.JUnitReportReporter -->
<testsuite skipped="0" hostname="Apples-MacBook-Pro.local" name="readexcelsheet.ExcelUtils" tests="4" failures="0" timestamp="30 Jul 2018 13:28:10 GMT" time="0.019" errors="0">
  <testcase name="testMethod" time="0.002" classname="readexcelsheet.ExcelUtils"/>
  <testcase name="testMethod" time="0.012" classname="readexcelsheet.ExcelUtils"/>
  <testcase name="testMethod" time="0.003" classname="readexcelsheet.ExcelUtils"/>
  <testcase name="testMethod" time="0.002" classname="readexcelsheet.ExcelUtils"/>
</testsuite> <!-- readexcelsheet.ExcelUtils -->
