<?xml version="1.0" encoding="UTF-8"?>
<!-- Generated by org.testng.reporters.JUnitReportReporter -->
<testsuite skipped="0" hostname="Apples-MacBook-Pro.local" name="readexcelsheet.Testcase2Test" tests="2" failures="0" timestamp="30 Jul 2018 09:59:08 GMT" time="0.014" errors="0">
  <testcase name="method1" time="0.012" classname="readexcelsheet.Testcase2Test"/>
  <testcase name="method1" time="0.002" classname="readexcelsheet.Testcase2Test"/>
</testsuite> <!-- readexcelsheet.Testcase2Test -->
