<?xml version="1.0" encoding="UTF-8"?>
<!-- Generated by org.testng.reporters.JUnitReportReporter -->
<testsuite skipped="0" hostname="Apples-MBP.gateway" name="readexcelsheet.Test1" tests="2" failures="0" timestamp="25 Jul 2018 12:51:31 GMT" time="5.385" errors="0">
  <testcase name="method3" time="0.006" classname="readexcelsheet.Test1"/>
  <testcase name="Newtours_List_validation" time="5.379" classname="readexcelsheet.Test1"/>
</testsuite> <!-- readexcelsheet.Test1 -->
