<?xml version="1.0" encoding="UTF-8"?>
<!-- Generated by org.testng.reporters.JUnitReportReporter -->
<testsuite skipped="0" hostname="Apples-MBP.gateway" name="ReadExcel.ReadExcelTestNG.ExcelUtils" tests="4" failures="0" timestamp="30 Jul 2018 11:29:30 GMT" time="0.018" errors="0">
  <testcase name="testMethod" time="0.002" classname="ReadExcel.ReadExcelTestNG.ExcelUtils"/>
  <testcase name="testMethod" time="0.012" classname="ReadExcel.ReadExcelTestNG.ExcelUtils"/>
  <testcase name="testMethod" time="0.002" classname="ReadExcel.ReadExcelTestNG.ExcelUtils"/>
  <testcase name="testMethod" time="0.002" classname="ReadExcel.ReadExcelTestNG.ExcelUtils"/>
</testsuite> <!-- ReadExcel.ReadExcelTestNG.ExcelUtils -->
