<?xml version="1.0" encoding="UTF-8"?>
<!-- Generated by org.testng.reporters.JUnitReportReporter -->
<testsuite skipped="0" hostname="Apples-MacBook-Pro.local" name="readexcelsheet.ExcelUtils" tests="4" failures="0" timestamp="31 Jul 2018 12:29:01 GMT" time="0.013" errors="0">
  <testcase name="testMethod" time="0.001" classname="readexcelsheet.ExcelUtils"/>
  <testcase name="testMethod" time="0.010" classname="readexcelsheet.ExcelUtils"/>
  <testcase name="testMethod" time="0.001" classname="readexcelsheet.ExcelUtils"/>
  <testcase name="testMethod" time="0.001" classname="readexcelsheet.ExcelUtils"/>
</testsuite> <!-- readexcelsheet.ExcelUtils -->
